# JRE version: OpenJDK Runtime Environment Temurin-17.0.1+12 (17.0.1+12) (build 17.0.1+12)
# Java VM: OpenJDK 64-Bit Server VM Temurin-17.0.1+12 (17.0.1+12, mixed mode, tiered, compressed oops, compressed class ptrs, parallel gc, windows-amd64)
GC Precious Log:
 CPUs: 4 total, 4 available
 Memory: 3977M
 Large Page Support: Disabled
 NUMA Support: Disabled
 Compressed Oops: Enabled (32-bit)
 Alignments: Space 512K, Generation 512K, Heap 2M
 Heap Min Capacity: 100M
 Heap Initial Capacity: 100M
 Heap Max Capacity: 1G
 Pre-touch: Disabled
 Parallel Workers: 4
Heap:
 PSYoungGen      total 9216K, used 3938K [0x00000000eab00000, 0x00000000eb780000, 0x0000000100000000)
  eden space 6656K, 20% used [0x00000000eab00000,0x00000000eac5c948,0x00000000eb180000)
  from space 2560K, 99% used [0x00000000eb280000,0x00000000eb4fc010,0x00000000eb500000)
  to   space 2560K, 0% used [0x00000000eb500000,0x00000000eb500000,0x00000000eb780000)
 ParOldGen       total 183808K, used 155744K [0x00000000c0000000, 0x00000000cb380000, 0x00000000eab00000)
  object space 183808K, 84% used [0x00000000c0000000,0x00000000c9818288,0x00000000cb380000)
 Metaspace       used 80941K, committed 81856K, reserved 1130496K
  class space    used 8000K, committed 8384K, reserved 1048576K
GC Heap History (20 events):
Event: 2867.428 GC heap before
{Heap before GC invocations=5120 (full 80):
 PSYoungGen      total 7680K, used 7680K [0x00000000eab00000, 0x00000000eb580000, 0x0000000100000000)
  eden space 6656K, 100% used [0x00000000eab00000,0x00000000eb180000,0x00000000eb180000)
  from space 1024K, 100% used [0x00000000eb400000,0x00000000eb500000,0x00000000eb500000)
  to   space 512K, 0% used [0x00000000eb500000,0x00000000eb500000,0x00000000eb580000)
 ParOldGen       total 183808K, used 146937K [0x00000000c0000000, 0x00000000cb380000, 0x00000000eab00000)
  object space 183808K, 79% used [0x00000000c0000000,0x00000000c8f7e548,0x00000000cb380000)
 Metaspace       used 80933K, committed 81856K, reserved 1130496K
  class space    used 8000K, committed 8384K, reserved 1048576K
}
Event: 2867.431 GC heap after
{Heap after GC invocations=5120 (full 80):
 PSYoungGen      total 7168K, used 128K [0x00000000eab00000, 0x00000000eb580000, 0x0000000100000000)
  eden space 6656K, 0% used [0x00000000eab00000,0x00000000eab00000,0x00000000eb180000)
  from space 512K, 25% used [0x00000000eb500000,0x00000000eb520000,0x00000000eb580000)
  to   space 1024K, 0% used [0x00000000eb380000,0x00000000eb380000,0x00000000eb480000)
 ParOldGen       total 183808K, used 147962K [0x00000000c0000000, 0x00000000cb380000, 0x00000000eab00000)
  object space 183808K, 80% used [0x00000000c0000000,0x00000000c907e980,0x00000000cb380000)
 Metaspace       used 80933K, committed 81856K, reserved 1130496K
  class space    used 8000K, committed 8384K, reserved 1048576K
}
Event: 2867.544 GC heap before
{Heap before GC invocations=5121 (full 80):
 PSYoungGen      total 7168K, used 6784K [0x00000000eab00000, 0x00000000eb580000, 0x0000000100000000)
  eden space 6656K, 100% used [0x00000000eab00000,0x00000000eb180000,0x00000000eb180000)
  from space 512K, 25% used [0x00000000eb500000,0x00000000eb520000,0x00000000eb580000)
  to   space 1024K, 0% used [0x00000000eb380000,0x00000000eb380000,0x00000000eb480000)
 ParOldGen       total 183808K, used 147962K [0x00000000c0000000, 0x00000000cb380000, 0x00000000eab00000)
  object space 183808K, 80% used [0x00000000c0000000,0x00000000c907e980,0x00000000cb380000)
 Metaspace       used 80933K, committed 81856K, reserved 1130496K
  class space    used 8000K, committed 8384K, reserved 1048576K
}
Event: 2867.546 GC heap after
{Heap after GC invocations=5121 (full 80):
 PSYoungGen      total 7680K, used 976K [0x00000000eab00000, 0x00000000eb580000, 0x0000000100000000)
  eden space 6656K, 0% used [0x00000000eab00000,0x00000000eab00000,0x00000000eb180000)
  from space 1024K, 95% used [0x00000000eb380000,0x00000000eb474010,0x00000000eb480000)
  to   space 1024K, 0% used [0x00000000eb480000,0x00000000eb480000,0x00000000eb580000)
 ParOldGen       total 183808K, used 147962K [0x00000000c0000000, 0x00000000cb380000, 0x00000000eab00000)
  object space 183808K, 80% used [0x00000000c0000000,0x00000000c907e980,0x00000000cb380000)
 Metaspace       used 80933K, committed 81856K, reserved 1130496K
  class space    used 8000K, committed 8384K, reserved 1048576K
}
Event: 2868.847 GC heap before
{Heap before GC invocations=5122 (full 80):
 PSYoungGen      total 7680K, used 7632K [0x00000000eab00000, 0x00000000eb580000, 0x0000000100000000)
  eden space 6656K, 100% used [0x00000000eab00000,0x00000000eb180000,0x00000000eb180000)
  from space 1024K, 95% used [0x00000000eb380000,0x00000000eb474010,0x00000000eb480000)
  to   space 1024K, 0% used [0x00000000eb480000,0x00000000eb480000,0x00000000eb580000)
 ParOldGen       total 183808K, used 147962K [0x00000000c0000000, 0x00000000cb380000, 0x00000000eab00000)
  object space 183808K, 80% used [0x00000000c0000000,0x00000000c907e980,0x00000000cb380000)
 Metaspace       used 80934K, committed 81856K, reserved 1130496K
  class space    used 8000K, committed 8384K, reserved 1048576K
}
Event: 2868.848 GC heap after
{Heap after GC invocations=5122 (full 80):
 PSYoungGen      total 7168K, used 128K [0x00000000eab00000, 0x00000000eb500000, 0x0000000100000000)
  eden space 6656K, 0% used [0x00000000eab00000,0x00000000eab00000,0x00000000eb180000)
  from space 512K, 25% used [0x00000000eb480000,0x00000000eb4a0000,0x00000000eb500000)
  to   space 512K, 0% used [0x00000000eb400000,0x00000000eb400000,0x00000000eb480000)
 ParOldGen       total 183808K, used 147962K [0x00000000c0000000, 0x00000000cb380000, 0x00000000eab00000)
  object space 183808K, 80% used [0x00000000c0000000,0x00000000c907e980,0x00000000cb380000)
 Metaspace       used 80934K, committed 81856K, reserved 1130496K
  class space    used 8000K, committed 8384K, reserved 1048576K
}
Event: 2869.389 GC heap before
{Heap before GC invocations=5123 (full 80):
 PSYoungGen      total 7168K, used 6784K [0x00000000eab00000, 0x00000000eb500000, 0x0000000100000000)
  eden space 6656K, 100% used [0x00000000eab00000,0x00000000eb180000,0x00000000eb180000)
  from space 512K, 25% used [0x00000000eb480000,0x00000000eb4a0000,0x00000000eb500000)
  to   space 512K, 0% used [0x00000000eb400000,0x00000000eb400000,0x00000000eb480000)
 ParOldGen       total 183808K, used 147962K [0x00000000c0000000, 0x00000000cb380000, 0x00000000eab00000)
  object space 183808K, 80% used [0x00000000c0000000,0x00000000c907e980,0x00000000cb380000)
 Metaspace       used 80934K, committed 81856K, reserved 1130496K
  class space    used 8000K, committed 8384K, reserved 1048576K
}
Event: 2869.392 GC heap after
{Heap after GC invocations=5123 (full 80):
 PSYoungGen      total 7168K, used 512K [0x00000000eab00000, 0x00000000eb500000, 0x0000000100000000)
  eden space 6656K, 0% used [0x00000000eab00000,0x00000000eab00000,0x00000000eb180000)
  from space 512K, 100% used [0x00000000eb400000,0x00000000eb480000,0x00000000eb480000)
  to   space 512K, 0% used [0x00000000eb480000,0x00000000eb480000,0x00000000eb500000)
 ParOldGen       total 183808K, used 148718K [0x00000000c0000000, 0x00000000cb380000, 0x00000000eab00000)
  object space 183808K, 80% used [0x00000000c0000000,0x00000000c913b928,0x00000000cb380000)
 Metaspace       used 80934K, committed 81856K, reserved 1130496K
  class space    used 8000K, committed 8384K, reserved 1048576K
}
Event: 2869.580 GC heap before
{Heap before GC invocations=5124 (full 80):
 PSYoungGen      total 7168K, used 7168K [0x00000000eab00000, 0x00000000eb500000, 0x0000000100000000)
  eden space 6656K, 100% used [0x00000000eab00000,0x00000000eb180000,0x00000000eb180000)
  from space 512K, 100% used [0x00000000eb400000,0x00000000eb480000,0x00000000eb480000)
  to   space 512K, 0% used [0x00000000eb480000,0x00000000eb480000,0x00000000eb500000)
 ParOldGen       total 183808K, used 148718K [0x00000000c0000000, 0x00000000cb380000, 0x00000000eab00000)
  object space 183808K, 80% used [0x00000000c0000000,0x00000000c913b928,0x00000000cb380000)
 Metaspace       used 80934K, committed 81856K, reserved 1130496K
  class space    used 8000K, committed 8384K, reserved 1048576K
}
Event: 2869.584 GC heap after
{Heap after GC invocations=5124 (full 80):
 PSYoungGen      total 7168K, used 512K [0x00000000eab00000, 0x00000000eb580000, 0x0000000100000000)
  eden space 6656K, 0% used [0x00000000eab00000,0x00000000eab00000,0x00000000eb180000)
  from space 512K, 100% used [0x00000000eb480000,0x00000000eb500000,0x00000000eb500000)
  to   space 2048K, 0% used [0x00000000eb180000,0x00000000eb180000,0x00000000eb380000)
 ParOldGen       total 183808K, used 149952K [0x00000000c0000000, 0x00000000cb380000, 0x00000000eab00000)
  object space 183808K, 81% used [0x00000000c0000000,0x00000000c9270178,0x00000000cb380000)
 Metaspace       used 80934K, committed 81856K, reserved 1130496K
  class space    used 8000K, committed 8384K, reserved 1048576K
}
Event: 2870.026 GC heap before
{Heap before GC invocations=5125 (full 80):
 PSYoungGen      total 7168K, used 7168K [0x00000000eab00000, 0x00000000eb580000, 0x0000000100000000)
  eden space 6656K, 100% used [0x00000000eab00000,0x00000000eb180000,0x00000000eb180000)
  from space 512K, 100% used [0x00000000eb480000,0x00000000eb500000,0x00000000eb500000)
  to   space 2048K, 0% used [0x00000000eb180000,0x00000000eb180000,0x00000000eb380000)
 ParOldGen       total 183808K, used 149952K [0x00000000c0000000, 0x00000000cb380000, 0x00000000eab00000)
  object space 183808K, 81% used [0x00000000c0000000,0x00000000c9270178,0x00000000cb380000)
 Metaspace       used 80934K, committed 81856K, reserved 1130496K
  class space    used 8000K, committed 8384K, reserved 1048576K
}
Event: 2870.029 GC heap after
{Heap after GC invocations=5125 (full 80):
 PSYoungGen      total 8704K, used 912K [0x00000000eab00000, 0x00000000eb500000, 0x0000000100000000)
  eden space 6656K, 0% used [0x00000000eab00000,0x00000000eab00000,0x00000000eb180000)
  from space 2048K, 44% used [0x00000000eb180000,0x00000000eb264010,0x00000000eb380000)
  to   space 1536K, 0% used [0x00000000eb380000,0x00000000eb380000,0x00000000eb500000)
 ParOldGen       total 183808K, used 150344K [0x00000000c0000000, 0x00000000cb380000, 0x00000000eab00000)
  object space 183808K, 81% used [0x00000000c0000000,0x00000000c92d2178,0x00000000cb380000)
 Metaspace       used 80934K, committed 81856K, reserved 1130496K
  class space    used 8000K, committed 8384K, reserved 1048576K
}
Event: 2870.780 GC heap before
{Heap before GC invocations=5126 (full 80):
 PSYoungGen      total 8704K, used 7568K [0x00000000eab00000, 0x00000000eb500000, 0x0000000100000000)
  eden space 6656K, 100% used [0x00000000eab00000,0x00000000eb180000,0x00000000eb180000)
  from space 2048K, 44% used [0x00000000eb180000,0x00000000eb264010,0x00000000eb380000)
  to   space 1536K, 0% used [0x00000000eb380000,0x00000000eb380000,0x00000000eb500000)
 ParOldGen       total 183808K, used 150344K [0x00000000c0000000, 0x00000000cb380000, 0x00000000eab00000)
  object space 183808K, 81% used [0x00000000c0000000,0x00000000c92d2178,0x00000000cb380000)
 Metaspace       used 80934K, committed 81856K, reserved 1130496K
  class space    used 8000K, committed 8384K, reserved 1048576K
}
Event: 2870.784 GC heap after
{Heap after GC invocations=5126 (full 80):
 PSYoungGen      total 8192K, used 1536K [0x00000000eab00000, 0x00000000eb580000, 0x0000000100000000)
  eden space 6656K, 0% used [0x00000000eab00000,0x00000000eab00000,0x00000000eb180000)
  from space 1536K, 100% used [0x00000000eb380000,0x00000000eb500000,0x00000000eb500000)
  to   space 2048K, 0% used [0x00000000eb180000,0x00000000eb180000,0x00000000eb380000)
 ParOldGen       total 183808K, used 150593K [0x00000000c0000000, 0x00000000cb380000, 0x00000000eab00000)
  object space 183808K, 81% used [0x00000000c0000000,0x00000000c93104a0,0x00000000cb380000)
 Metaspace       used 80934K, committed 81856K, reserved 1130496K
  class space    used 8000K, committed 8384K, reserved 1048576K
}
Event: 2870.963 GC heap before
{Heap before GC invocations=5127 (full 80):
 PSYoungGen      total 8192K, used 8192K [0x00000000eab00000, 0x00000000eb580000, 0x0000000100000000)
  eden space 6656K, 100% used [0x00000000eab00000,0x00000000eb180000,0x00000000eb180000)
  from space 1536K, 100% used [0x00000000eb380000,0x00000000eb500000,0x00000000eb500000)
  to   space 2048K, 0% used [0x00000000eb180000,0x00000000eb180000,0x00000000eb380000)
 ParOldGen       total 183808K, used 150593K [0x00000000c0000000, 0x00000000cb380000, 0x00000000eab00000)
  object space 183808K, 81% used [0x00000000c0000000,0x00000000c93104a0,0x00000000cb380000)
 Metaspace       used 80934K, committed 81856K, reserved 1130496K
  class space    used 8000K, committed 8384K, reserved 1048576K
}
Event: 2870.968 GC heap after
{Heap after GC invocations=5127 (full 80):
 PSYoungGen      total 8704K, used 1936K [0x00000000eab00000, 0x00000000eb580000, 0x0000000100000000)
  eden space 6656K, 0% used [0x00000000eab00000,0x00000000eab00000,0x00000000eb180000)
  from space 2048K, 94% used [0x00000000eb180000,0x00000000eb364010,0x00000000eb380000)
  to   space 2048K, 0% used [0x00000000eb380000,0x00000000eb380000,0x00000000eb580000)
 ParOldGen       total 183808K, used 151177K [0x00000000c0000000, 0x00000000cb380000, 0x00000000eab00000)
  object space 183808K, 82% used [0x00000000c0000000,0x00000000c93a24a0,0x00000000cb380000)
 Metaspace       used 80934K, committed 81856K, reserved 1130496K
  class space    used 8000K, committed 8384K, reserved 1048576K
}
Event: 2883.634 GC heap before
{Heap before GC invocations=5128 (full 80):
 PSYoungGen      total 8704K, used 8592K [0x00000000eab00000, 0x00000000eb580000, 0x0000000100000000)
  eden space 6656K, 100% used [0x00000000eab00000,0x00000000eb180000,0x00000000eb180000)
  from space 2048K, 94% used [0x00000000eb180000,0x00000000eb364010,0x00000000eb380000)
  to   space 2048K, 0% used [0x00000000eb380000,0x00000000eb380000,0x00000000eb580000)
 ParOldGen       total 183808K, used 151177K [0x00000000c0000000, 0x00000000cb380000, 0x00000000eab00000)
  object space 183808K, 82% used [0x00000000c0000000,0x00000000c93a24a0,0x00000000cb380000)
 Metaspace       used 80939K, committed 81856K, reserved 1130496K
  class space    used 8000K, committed 8384K, reserved 1048576K
}
Event: 2883.638 GC heap after
{Heap after GC invocations=5128 (full 80):
 PSYoungGen      total 8704K, used 1872K [0x00000000eab00000, 0x00000000eb580000, 0x0000000100000000)
  eden space 6656K, 0% used [0x00000000eab00000,0x00000000eab00000,0x00000000eb180000)
  from space 2048K, 91% used [0x00000000eb380000,0x00000000eb554010,0x00000000eb580000)
  to   space 2048K, 0% used [0x00000000eb180000,0x00000000eb180000,0x00000000eb380000)
 ParOldGen       total 183808K, used 151177K [0x00000000c0000000, 0x00000000cb380000, 0x00000000eab00000)
  object space 183808K, 82% used [0x00000000c0000000,0x00000000c93a24a0,0x00000000cb380000)
 Metaspace       used 80939K, committed 81856K, reserved 1130496K
  class space    used 8000K, committed 8384K, reserved 1048576K
}
Event: 2884.516 GC heap before
{Heap before GC invocations=5129 (full 80):
 PSYoungGen      total 8704K, used 8528K [0x00000000eab00000, 0x00000000eb580000, 0x0000000100000000)
  eden space 6656K, 100% used [0x00000000eab00000,0x00000000eb180000,0x00000000eb180000)
  from space 2048K, 91% used [0x00000000eb380000,0x00000000eb554010,0x00000000eb580000)
  to   space 2048K, 0% used [0x00000000eb180000,0x00000000eb180000,0x00000000eb380000)
 ParOldGen       total 183808K, used 151177K [0x00000000c0000000, 0x00000000cb380000, 0x00000000eab00000)
  object space 183808K, 82% used [0x00000000c0000000,0x00000000c93a24a0,0x00000000cb380000)
 Metaspace       used 80940K, committed 81856K, reserved 1130496K
  class space    used 8000K, committed 8384K, reserved 1048576K
}
Event: 2884.520 GC heap after
{Heap after GC invocations=5129 (full 80):
 PSYoungGen      total 8192K, used 1280K [0x00000000eab00000, 0x00000000eb480000, 0x0000000100000000)
  eden space 6656K, 0% used [0x00000000eab00000,0x00000000eab00000,0x00000000eb180000)
  from space 1536K, 83% used [0x00000000eb180000,0x00000000eb2c0000,0x00000000eb300000)
  to   space 1536K, 0% used [0x00000000eb300000,0x00000000eb300000,0x00000000eb480000)
 ParOldGen       total 183808K, used 151177K [0x00000000c0000000, 0x00000000cb380000, 0x00000000eab00000)
  object space 183808K, 82% used [0x00000000c0000000,0x00000000c93a24a0,0x00000000cb380000)
 Metaspace       used 80940K, committed 81856K, reserved 1130496K
  class space    used 8000K, committed 8384K, reserved 1048576K
}

